<?xml version="1.0" encoding="UTF-8"?>
<!-- Generated by org.testng.reporters.JUnitReportReporter -->
<testsuite skipped="0" hostname="AmansMacBookPro.local" name="com.springcm.homepagetests.HomePageTests" tests="1" failures="0" timestamp="2021-06-17T23:06:42 CDT" time="160.623" errors="0">
  <testcase name="testLogin" time="160.623" classname="com.springcm.homepagetests.HomePageTests"/>
  <system-out/>
</testsuite> <!-- com.springcm.homepagetests.HomePageTests -->
