<?xml version="1.0" encoding="UTF-8"?>
<!-- Generated by org.testng.reporters.JUnitReportReporter -->
<testsuite skipped="0" hostname="AmansMacBookPro.local" name="com.benchprep.sampletests.CodeWarsTests" tests="2" failures="0" timestamp="2021-06-19T16:41:36 CDT" time="8.548" errors="0">
  <testcase name="testSearch" time="3.397" classname="com.benchprep.sampletests.CodeWarsTests"/>
  <system-out/>
  <testcase name="testLogin" time="5.151" classname="com.benchprep.sampletests.CodeWarsTests"/>
  <system-out/>
</testsuite> <!-- com.benchprep.sampletests.CodeWarsTests -->
