<?xml version="1.0" encoding="UTF-8"?>
<!-- Generated by org.testng.reporters.JUnitReportReporter -->
<testsuite skipped="0" hostname="AmansMacBookPro.local" name="com.benchprep.sampletests.CodeWarsTests" tests="4" failures="0" timestamp="2021-06-21T14:28:36 CDT" time="42.586" errors="0">
  <testcase name="testLogin" time="7.458" classname="com.benchprep.sampletests.CodeWarsTests"/>
  <system-out/>
  <testcase name="testSearch" time="10.332" classname="com.benchprep.sampletests.CodeWarsTests"/>
  <system-out/>
  <testcase name="testEnrollInCourse" time="16.243" classname="com.benchprep.sampletests.CodeWarsTests"/>
  <system-out/>
  <testcase name="testLoginError" time="8.553" classname="com.benchprep.sampletests.CodeWarsTests"/>
  <system-out/>
</testsuite> <!-- com.benchprep.sampletests.CodeWarsTests -->
